<?xml version="1.0" encoding="UTF-8"?>
<testsuite xmlns:xsi="http://www.w3.org/2001/XMLSchema-instance" xsi:noNamespaceSchemaLocation="https://maven.apache.org/surefire/maven-surefire-plugin/xsd/surefire-test-report-3.0.xsd" version="3.0" name="com.it.MySimpleWebsiteApplicationTests" time="4.55" tests="1" errors="0" skipped="0" failures="0">
  <properties>
[...]
</properties>
  <testcase name="contextLoads" classname="com.it.MySimpleWebsiteApplicationTests" time="1.253">
    <system-out><![CDATA[11:42:49.424 [main] INFO org.springframework.test.context.support.AnnotationConfigContextLoaderUtils -- Could not detect default configuration classes for test class [com.it.MySimpleWebsiteApplicationTests]: MySimpleWebsiteApplicationTests does not declare any static, non-private, non-final, nested classes annotated with @Configuration.
11:42:49.549 [main] INFO org.springframework.boot.test.context.SpringBootTestContextBootstrapper -- Found @SpringBootConfiguration com.it.MySimpleWebsiteApplication for test class com.it.MySimpleWebsiteApplicationTests

  .   ____          _            __ _ _
 /\\ / ___'_ __ _ _(_)_ __  __ _ \ \ \ \
( ( )\___ | '_ | '_| | '_ \/ _` | \ \ \ \
 \\/  ___)| |_)| | | | | || (_| |  ) ) ) )
  '  |____| .__|_| |_|_| |_\__, | / / / /
 =========|_|==============|___/=/_/_/_/

 :: Spring Boot ::                (v3.3.5)

2024-11-06T11:42:50.059+08:00  INFO 2448 --- [my-simple-website] [           main] com.it.MySimpleWebsiteApplicationTests   : Starting MySimpleWebsiteApplicationTests using Java 17.0.12 with PID 2448 (started by Light in C:\Users\Light\IdeaProjects\my-simple-website)
2024-11-06T11:42:50.060+08:00  INFO 2448 --- [my-simple-website] [           main] com.it.MySimpleWebsiteApplicationTests   : No active profile set, falling back to 1 default profile: "default"
Logging initialized using 'class org.apache.ibatis.logging.stdout.StdOutImpl' adapter.
2024-11-06T11:42:51.566+08:00 ERROR 2448 --- [my-simple-website] [           main] o.a.catalina.core.AprLifecycleListener   : An incompatible version [1.2.23] of the Apache Tomcat Native library is installed, while Tomcat requires version [1.2.34]
2024-11-06T11:42:51.886+08:00  INFO 2448 --- [my-simple-website] [           main] o.s.b.a.w.s.WelcomePageHandlerMapping    : Adding welcome page: class path resource [static/index.html]
2024-11-06T11:42:52.477+08:00  INFO 2448 --- [my-simple-website] [           main] com.it.MySimpleWebsiteApplicationTests   : Started MySimpleWebsiteApplicationTests in 2.713 seconds (process running for 3.917)
]]></system-out>
  </testcase>
</testsuite>